<?xml version="1.0" encoding="UTF-8"?>
<!-- Generated by org.testng.reporters.JUnitReportReporter -->
<testsuite hostname="LAPTOP-UD4AKBCC" failures="0" tests="1" name="Bhargav.NewTest" time="0.008" errors="0" timestamp="2023-08-31T11:50:16 IST" skipped="0">
  <testcase classname="Bhargav.NewTest" name="f" time="0.008"/>
  <system-out/>
</testsuite> <!-- Bhargav.NewTest -->
