<?xml version="1.0" encoding="UTF-8"?>
<!-- Generated by org.testng.reporters.JUnitReportReporter -->
<testsuite hostname="LAPTOP-UD4AKBCC" failures="0" tests="1" name="Bhargav.Assignment.GoogleSearchTest" time="2.538" errors="0" timestamp="2023-08-31T13:09:54 IST" skipped="0">
  <testcase classname="Bhargav.Assignment.GoogleSearchTest" name="testGoogleSearch" time="2.538"/>
  <system-out/>
</testsuite> <!-- Bhargav.Assignment.GoogleSearchTest -->
