<?xml version="1.0" encoding="UTF-8"?>
<!-- Generated by org.testng.reporters.JUnitReportReporter -->
<testsuite hostname="LAPTOP-UD4AKBCC" failures="0" tests="2" name="Bhargav.Assignment.W3SchoolsTest" time="34.489" errors="0" timestamp="2023-08-31T13:09:54 IST" skipped="0">
  <testcase classname="Bhargav.Assignment.W3SchoolsTest" name="testW3Schools" time="32.028"/>
  <system-out/>
  <testcase classname="Bhargav.Assignment.W3SchoolsTest" name="testW3Schools" time="2.461"/>
  <system-out/>
</testsuite> <!-- Bhargav.Assignment.W3SchoolsTest -->
